#
# There is insufficient memory for the Java Runtime Environment to continue.
# Native memory allocation (malloc) failed to allocate 1048576 bytes for AllocateHeap
# Possible reasons:
#   The system is out of physical RAM or swap space
#   In 32 bit mode, the process size limit was hit
# Possible solutions:
#   Reduce memory load on the system
#   Increase physical memory or swap space
#   Check if swap backing store is full
#   Use 64 bit Java on a 64 bit OS
#   Decrease Java heap size (-Xmx/-Xms)
#   Decrease number of Java threads
#   Decrease Java thread stack sizes (-Xss)
#   Set larger code cache with -XX:ReservedCodeCacheSize=
# This output file may be truncated or incomplete.
#
#  Out of Memory Error (memory/allocation.inline.hpp:61), pid=5824, tid=0x0000000000001850
#
# JRE version:  (8.0_121-b13) (build )
# Java VM: Java HotSpot(TM) 64-Bit Server VM (25.121-b13 mixed mode windows-amd64 compressed oops)
# Failed to write core dump. Minidumps are not enabled by default on client versions of Windows
#

---------------  T H R E A D  ---------------

Current thread (0x0000000001c9f800):  JavaThread "Unknown thread" [_thread_in_vm, id=6224, stack(0x00000000022d0000,0x00000000023d0000)]

Stack: [0x00000000022d0000,0x00000000023d0000]
[error occurred during error reporting (printing stack bounds), id 0xc0000005]

Native frames: (J=compiled Java code, j=interpreted, Vv=VM code, C=native code)


---------------  P R O C E S S  ---------------

Java Threads: ( => current thread )

Other Threads:

=>0x0000000001c9f800 (exited) JavaThread "Unknown thread" [_thread_in_vm, id=6224, stack(0x00000000022d0000,0x00000000023d0000)]

VM state:not at safepoint (normal execution)

VM Mutex/Monitor currently owned by a thread: None

Heap:
 PSYoungGen      total 38400K, used 665K [0x00000000eab00000, 0x00000000ed580000, 0x0000000100000000)
  eden space 33280K, 2% used [0x00000000eab00000,0x00000000eaba6670,0x00000000ecb80000)
  from space 5120K, 0% used [0x00000000ed080000,0x00000000ed080000,0x00000000ed580000)
  to   space 5120K, 0% used [0x00000000ecb80000,0x00000000ecb80000,0x00000000ed080000)
 ParOldGen       total 87552K, used 0K [0x00000000c0000000, 0x00000000c5580000, 0x00000000eab00000)
  object space 87552K, 0% used [0x00000000c0000000,0x00000000c0000000,0x00000000c5580000)
 Metaspace       used 770K, capacity 4480K, committed 4480K, reserved 1056768K
  class space    used 75K, capacity 384K, committed 384K, reserved 1048576K

Card table byte_map: [0x0000000011790000,0x00000000119a0000] byte_map_base: 0x0000000011190000

Marking Bits: (ParMarkBitMap*) 0x000000006599b6d0
 Begin Bits: [0x00000000120c0000, 0x00000000130c0000)
 End Bits:   [0x00000000130c0000, 0x00000000140c0000)

Polling page: 0x0000000000410000

CodeCache: size=245760Kb used=328Kb max_used=328Kb free=245431Kb
 bounds [0x00000000023d0000, 0x0000000002640000, 0x00000000113d0000]
 total_blobs=58 nmethods=0 adapters=38
 compilation: enabled

Compilation events (0 events):
No events

GC Heap History (0 events):
No events

Deoptimization events (0 events):
No events

Internal exceptions (0 events):
No events

Events (10 events):
Event: 0.038 loading class java/lang/Short
Event: 0.038 loading class java/lang/Short done
Event: 0.038 loading class java/lang/Integer
Event: 0.039 loading class java/lang/Integer done
Event: 0.039 loading class java/lang/Long
Event: 0.039 loading class java/lang/Long done
Event: 0.039 loading class java/lang/NullPointerException
Event: 0.039 loading class java/lang/NullPointerException done
Event: 0.039 loading class java/lang/ArithmeticException
Event: 0.039 loading class java/lang/ArithmeticException done


Dynamic libraries:
0x000000013f4e0000 - 0x000000013f517000 	C:\Program Files\Java\jdk1.8.0_121\bin\java.exe
0x0000000077c60000 - 0x0000000077e0a000 	C:\windows\SYSTEM32\ntdll.dll
0x0000000077b40000 - 0x0000000077c5f000 	C:\windows\system32\kernel32.dll
0x000007fefdf10000 - 0x000007fefdf7a000 	C:\windows\system32\KERNELBASE.dll
0x000007feff870000 - 0x000007feff94b000 	C:\windows\system32\ADVAPI32.dll
0x000007feff4a0000 - 0x000007feff53f000 	C:\windows\system32\msvcrt.dll
0x000007fefe3e0000 - 0x000007fefe3ff000 	C:\windows\SYSTEM32\sechost.dll
0x000007feff1c0000 - 0x000007feff2ed000 	C:\windows\system32\RPCRT4.dll
0x0000000077a40000 - 0x0000000077b3a000 	C:\windows\system32\USER32.dll
0x000007fefdf80000 - 0x000007fefdfe7000 	C:\windows\system32\GDI32.dll
0x000007feff1b0000 - 0x000007feff1be000 	C:\windows\system32\LPK.dll
0x000007feff9d0000 - 0x000007feffa9b000 	C:\windows\system32\USP10.dll
0x000007fefc5e0000 - 0x000007fefc7d4000 	C:\windows\WinSxS\amd64_microsoft.windows.common-controls_6595b64144ccf1df_6.0.7601.18837_none_fa3b1e3d17594757\COMCTL32.dll
0x000007feff950000 - 0x000007feff9c1000 	C:\windows\system32\SHLWAPI.dll
0x000007feffd00000 - 0x000007feffd2e000 	C:\windows\system32\IMM32.DLL
0x000007feff390000 - 0x000007feff499000 	C:\windows\system32\MSCTF.dll
0x000000006bbb0000 - 0x000000006bc82000 	C:\Program Files\Java\jdk1.8.0_121\jre\bin\msvcr100.dll
0x0000000065180000 - 0x0000000065a1b000 	C:\Program Files\Java\jdk1.8.0_121\jre\bin\server\jvm.dll
0x000007fef5850000 - 0x000007fef5859000 	C:\windows\system32\WSOCK32.dll
0x000007feff740000 - 0x000007feff78d000 	C:\windows\system32\WS2_32.dll
0x000007feffec0000 - 0x000007feffec8000 	C:\windows\system32\NSI.dll
0x000007fefb900000 - 0x000007fefb93b000 	C:\windows\system32\WINMM.dll
0x000007fefcc70000 - 0x000007fefcc7c000 	C:\windows\system32\VERSION.dll
0x0000000077e30000 - 0x0000000077e37000 	C:\windows\system32\PSAPI.DLL
0x0000000074200000 - 0x000000007420f000 	C:\Program Files\Java\jdk1.8.0_121\jre\bin\verify.dll
0x00000000741d0000 - 0x00000000741f9000 	C:\Program Files\Java\jdk1.8.0_121\jre\bin\java.dll
0x0000000073f50000 - 0x0000000073f66000 	C:\Program Files\Java\jdk1.8.0_121\jre\bin\zip.dll

VM Arguments:
jvm_args: -Djava.awt.headless=true -Xmx1024M -Dfile.encoding=GBK -Duser.country=CN -Duser.language=zh -Duser.variant 
java_command: com.android.dx.command.Main --dex --num-threads=4 --output D:\CitySelect-master\citypicker\build\intermediates\pre-dexed\debug\AMap_Location_v2.3.0_20160112_cf6db0bba3ed70de622c78ac9e843de2dd547645.jar D:\CitySelect-master\citypicker\libs\AMap_Location_v2.3.0_20160112.jar
java_class_path (initial): C:\Users\admin\AppData\Local\Android\sdk\build-tools\23.0.2\lib\dx.jar
Launcher Type: SUN_STANDARD

Environment Variables:
JAVA_HOME=C:\Program Files\Java\jdk1.7.0_17
CLASSPATH=.;C:\Program Files\Java\jdk1.7.0_17\lib;
PATH=C:\Program Files (x86)\Common Files\NetSarang;C:\Program Files\Java\jdk1.7.0_17\bin;C:\Program Files\Java\jdk1.7.0_17\jre\bin;C:\windows\system32\;C:\Program Files (x86)\Common Files\microsoft shared\TigerKin;D:\Program Files (x86)\MySQL\MySQL Server 5.5\bin;D:\Program Files\adt-bundle-windows-x86-20131030\sdk\platform-tools;C:\windows;C:\windows\system32\wbem;D:\Program Files\MySQL\MySQL Server 5.5\bin;D:\Program Files (x86)\MySQL\MySQL Server 5.1\bin;C:\strawberry\c\bin;C:\strawberry\perl\bin;C:\Program Files (x86)\GtkSharp\2.12\bin;C:\Program Files (x86)\Microsoft SQL Server\80\Tools\Binn\;C:\Program Files\Git\cmd;C:\Program Files\Java\jdk1.7.0_17\bin;C:\Users\admin\AppData\Local\Android\sdk\platform-tools;C:\Users\admin\AppData\Local\Android\sdk\tools;C:\Program Files\TortoiseSVN\bin;
USERNAME=admin
OS=Windows_NT
PROCESSOR_IDENTIFIER=Intel64 Family 6 Model 94 Stepping 3, GenuineIntel



---------------  S Y S T E M  ---------------

OS: Windows 7 , 64 bit Build 7601 (6.1.7601.23807)

CPU:total 4 (4 cores per cpu, 1 threads per core) family 6 model 94 stepping 3, cmov, cx8, fxsr, mmx, sse, sse2, sse3, ssse3, sse4.1, sse4.2, popcnt, avx, avx2, aes, clmul, erms, rtm, 3dnowpref, lzcnt, tsc, tscinvbit, bmi1, bmi2, adx

Memory: 4k page, physical 8340100k(598656k free), swap 10435392k(5276k free)

vm_info: Java HotSpot(TM) 64-Bit Server VM (25.121-b13) for windows-amd64 JRE (1.8.0_121-b13), built on Dec 12 2016 18:21:36 by "java_re" with MS VC++ 10.0 (VS2010)

time: Mon Jul 31 15:13:44 2017
elapsed time: 0 seconds (0d 0h 0m 0s)

