#
# There is insufficient memory for the Java Runtime Environment to continue.
# Native memory allocation (malloc) failed to allocate 2208880 bytes for Chunk::new
# Possible reasons:
#   The system is out of physical RAM or swap space
#   In 32 bit mode, the process size limit was hit
# Possible solutions:
#   Reduce memory load on the system
#   Increase physical memory or swap space
#   Check if swap backing store is full
#   Use 64 bit Java on a 64 bit OS
#   Decrease Java heap size (-Xmx/-Xms)
#   Decrease number of Java threads
#   Decrease Java thread stack sizes (-Xss)
#   Set larger code cache with -XX:ReservedCodeCacheSize=
# This output file may be truncated or incomplete.
#
#  Out of Memory Error (allocation.cpp:390), pid=2240, tid=0x0000000000001e20
#
# JRE version: Java(TM) SE Runtime Environment (8.0_121-b13) (build 1.8.0_121-b13)
# Java VM: Java HotSpot(TM) 64-Bit Server VM (25.121-b13 mixed mode windows-amd64 compressed oops)
# Failed to write core dump. Minidumps are not enabled by default on client versions of Windows
#

---------------  T H R E A D  ---------------

Current thread (0x0000000056321000):  JavaThread "C2 CompilerThread1" daemon [_thread_in_native, id=7712, stack(0x0000000056b60000,0x0000000056c60000)]

Stack: [0x0000000056b60000,0x0000000056c60000]
[error occurred during error reporting (printing stack bounds), id 0xc0000005]

Native frames: (J=compiled Java code, j=interpreted, Vv=VM code, C=native code)


Current CompileTask:
C2:   2610 1464   !   4       com.android.dx.cf.code.Ropper::processBlock (1101 bytes)


---------------  P R O C E S S  ---------------

Java Threads: ( => current thread )
  0x0000000056636000 JavaThread "pool-1-thread-4" [_thread_blocked, id=8924, stack(0x00000000573f0000,0x00000000574f0000)]
  0x00000000566ac000 JavaThread "pool-1-thread-3" [_thread_blocked, id=1724, stack(0x0000000057670000,0x0000000057770000)]
  0x00000000566ab800 JavaThread "pool-1-thread-2" [_thread_blocked, id=6500, stack(0x0000000057510000,0x0000000057610000)]
  0x00000000566aa800 JavaThread "pool-2-thread-1" [_thread_blocked, id=4700, stack(0x00000000572c0000,0x00000000573c0000)]
  0x00000000566a8000 JavaThread "pool-1-thread-1" [_thread_blocked, id=7468, stack(0x0000000057150000,0x0000000057250000)]
  0x0000000056326800 JavaThread "Service Thread" daemon [_thread_blocked, id=5820, stack(0x0000000056dd0000,0x0000000056ed0000)]
  0x0000000056322000 JavaThread "C1 CompilerThread2" daemon [_thread_blocked, id=6776, stack(0x0000000056a40000,0x0000000056b40000)]
=>0x0000000056321000 JavaThread "C2 CompilerThread1" daemon [_thread_in_native, id=7712, stack(0x0000000056b60000,0x0000000056c60000)]
  0x000000005630b000 JavaThread "C2 CompilerThread0" daemon [_thread_blocked, id=1208, stack(0x0000000056930000,0x0000000056a30000)]
  0x000000005630a800 JavaThread "Attach Listener" daemon [_thread_blocked, id=7092, stack(0x0000000055f30000,0x0000000056030000)]
  0x0000000054d70000 JavaThread "Signal Dispatcher" daemon [_thread_blocked, id=1776, stack(0x00000000567e0000,0x00000000568e0000)]
  0x0000000054d5d800 JavaThread "Finalizer" daemon [_thread_blocked, id=5064, stack(0x0000000056200000,0x0000000056300000)]
  0x0000000054d16800 JavaThread "Reference Handler" daemon [_thread_blocked, id=7032, stack(0x0000000056070000,0x0000000056170000)]
  0x00000000002df800 JavaThread "main" [_thread_blocked, id=9136, stack(0x0000000002350000,0x0000000002450000)]

Other Threads:
  0x0000000054d0f000 VMThread [stack: 0x0000000055dc0000,0x0000000055ec0000] [id=8024]
  0x00000000563dd800 WatcherThread [stack: 0x0000000056fa0000,0x00000000570a0000] [id=7384]

VM state:at safepoint (normal execution)

VM Mutex/Monitor currently owned by a thread:  ([mutex/lock_event])
[0x00000000002dc8f0] Threads_lock - owner thread: 0x0000000054d0f000
[0x00000000002dcdf0] Heap_lock - owner thread: 0x00000000566ac000

Heap:
 PSYoungGen      total 38400K, used 38399K [0x00000000eab00000, 0x00000000ed580000, 0x0000000100000000)
  eden space 33280K, 100% used [0x00000000eab00000,0x00000000ecb80000,0x00000000ecb80000)
  from space 5120K, 99% used [0x00000000ecb80000,0x00000000ed07fc88,0x00000000ed080000)
  to   space 5120K, 99% used [0x00000000ed080000,0x00000000ed578ac8,0x00000000ed580000)
 ParOldGen       total 87552K, used 4075K [0x00000000c0000000, 0x00000000c5580000, 0x00000000eab00000)
  object space 87552K, 4% used [0x00000000c0000000,0x00000000c03fad80,0x00000000c5580000)
 Metaspace       used 6344K, capacity 7096K, committed 7424K, reserved 1056768K
  class space    used 642K, capacity 688K, committed 768K, reserved 1048576K

Card table byte_map: [0x0000000011810000,0x0000000011a20000] byte_map_base: 0x0000000011210000

Marking Bits: (ParMarkBitMap*) 0x000000006599b6d0
 Begin Bits: [0x0000000012180000, 0x0000000013180000)
 End Bits:   [0x0000000013180000, 0x0000000014180000)

Polling page: 0x0000000000110000

CodeCache: size=245760Kb used=6204Kb max_used=6216Kb free=239555Kb
 bounds [0x0000000002450000, 0x0000000002a70000, 0x0000000011450000]
 total_blobs=1752 nmethods=1482 adapters=183
 compilation: enabled

Compilation events (10 events):
Event: 2.426 Thread 0x0000000056322000 1493       3       com.android.dx.rop.cst.CstLong::getType (4 bytes)
Event: 2.426 Thread 0x0000000056322000 nmethod 1493 0x0000000002a0b2d0 code [0x0000000002a0b420, 0x0000000002a0b570]
Event: 2.427 Thread 0x0000000056322000 1494       3       com.android.dx.ssa.back.SsaToRop$PhiVisitor::visitPhiInsn (67 bytes)
Event: 2.427 Thread 0x0000000056322000 nmethod 1494 0x0000000002a35410 code [0x0000000002a35660, 0x0000000002a36608]
Event: 2.427 Thread 0x0000000056322000 1495       3       java.util.concurrent.locks.ReentrantLock$Sync::tryRelease (45 bytes)
Event: 2.428 Thread 0x0000000056322000 nmethod 1495 0x0000000002a2aad0 code [0x0000000002a2ac60, 0x0000000002a2b1e8]
Event: 2.428 Thread 0x0000000056322000 1496       3       java.util.concurrent.locks.AbstractQueuedSynchronizer::compareAndSetWaitStatus (13 bytes)
Event: 2.428 Thread 0x0000000056322000 nmethod 1496 0x00000000029dc550 code [0x00000000029dc6a0, 0x00000000029dc7f0]
Event: 2.429 Thread 0x000000005630b000 nmethod 1491 0x0000000002a34c10 code [0x0000000002a34d80, 0x0000000002a351d8]
Event: 2.429 Thread 0x000000005630b000 1492 %     4       com.android.dx.ssa.SsaConverter::placePhiFunctions @ 103 (394 bytes)

GC Heap History (3 events):
Event: 0.803 GC heap before
{Heap before GC invocations=1 (full 0):
 PSYoungGen      total 38400K, used 33280K [0x00000000eab00000, 0x00000000ed580000, 0x0000000100000000)
  eden space 33280K, 100% used [0x00000000eab00000,0x00000000ecb80000,0x00000000ecb80000)
  from space 5120K, 0% used [0x00000000ed080000,0x00000000ed080000,0x00000000ed580000)
  to   space 5120K, 0% used [0x00000000ecb80000,0x00000000ecb80000,0x00000000ed080000)
 ParOldGen       total 87552K, used 0K [0x00000000c0000000, 0x00000000c5580000, 0x00000000eab00000)
  object space 87552K, 0% used [0x00000000c0000000,0x00000000c0000000,0x00000000c5580000)
 Metaspace       used 6045K, capacity 6872K, committed 7168K, reserved 1056768K
  class space    used 621K, capacity 656K, committed 768K, reserved 1048576K
Event: 0.834 GC heap after
Heap after GC invocations=1 (full 0):
 PSYoungGen      total 38400K, used 5119K [0x00000000eab00000, 0x00000000ed580000, 0x0000000100000000)
  eden space 33280K, 0% used [0x00000000eab00000,0x00000000eab00000,0x00000000ecb80000)
  from space 5120K, 99% used [0x00000000ecb80000,0x00000000ed07fc88,0x00000000ed080000)
  to   space 5120K, 0% used [0x00000000ed080000,0x00000000ed080000,0x00000000ed580000)
 ParOldGen       total 87552K, used 1049K [0x00000000c0000000, 0x00000000c5580000, 0x00000000eab00000)
  object space 87552K, 1% used [0x00000000c0000000,0x00000000c0106720,0x00000000c5580000)
 Metaspace       used 6045K, capacity 6872K, committed 7168K, reserved 1056768K
  class space    used 621K, capacity 656K, committed 768K, reserved 1048576K
}
Event: 2.432 GC heap before
{Heap before GC invocations=2 (full 0):
 PSYoungGen      total 38400K, used 38399K [0x00000000eab00000, 0x00000000ed580000, 0x0000000100000000)
  eden space 33280K, 100% used [0x00000000eab00000,0x00000000ecb80000,0x00000000ecb80000)
  from space 5120K, 99% used [0x00000000ecb80000,0x00000000ed07fc88,0x00000000ed080000)
  to   space 5120K, 0% used [0x00000000ed080000,0x00000000ed080000,0x00000000ed580000)
 ParOldGen       total 87552K, used 1049K [0x00000000c0000000, 0x00000000c5580000, 0x00000000eab00000)
  object space 87552K, 1% used [0x00000000c0000000,0x00000000c0106720,0x00000000c5580000)
 Metaspace       used 6344K, capacity 7096K, committed 7424K, reserved 1056768K
  class space    used 642K, capacity 688K, committed 768K, reserved 1048576K

Deoptimization events (9 events):
Event: 1.546 Thread 0x00000000566ac000 Uncommon trap: reason=unstable_if action=reinterpret pc=0x00000000029111ac method=com.android.dx.cf.code.ByteCatchList$Item.getExceptionClass()Lcom/android/dx/rop/cst/CstType; @ 4
Event: 1.881 Thread 0x00000000566a8000 Uncommon trap: reason=class_check action=maybe_recompile pc=0x00000000029bc4f0 method=com.android.dx.ssa.SCCP.simulateBranch(Lcom/android/dx/ssa/SsaInsn;)V @ 145
Event: 1.881 Thread 0x00000000566a8000 Uncommon trap: reason=class_check action=maybe_recompile pc=0x00000000029bc4f0 method=com.android.dx.ssa.SCCP.simulateBranch(Lcom/android/dx/ssa/SsaInsn;)V @ 145
Event: 1.881 Thread 0x00000000566a8000 Uncommon trap: reason=class_check action=maybe_recompile pc=0x00000000029bc4f0 method=com.android.dx.ssa.SCCP.simulateBranch(Lcom/android/dx/ssa/SsaInsn;)V @ 145
Event: 1.881 Thread 0x00000000566a8000 Uncommon trap: reason=class_check action=maybe_recompile pc=0x00000000029bc4f0 method=com.android.dx.ssa.SCCP.simulateBranch(Lcom/android/dx/ssa/SsaInsn;)V @ 145
Event: 2.121 Thread 0x00000000566a8000 Uncommon trap: reason=unstable_if action=reinterpret pc=0x00000000027a5278 method=java.util.HashMap.putVal(ILjava/lang/Object;Ljava/lang/Object;ZZ)Ljava/lang/Object; @ 162
Event: 2.145 Thread 0x00000000566a8000 Uncommon trap: reason=unstable_if action=reinterpret pc=0x00000000026e8040 method=java.util.HashMap.getNode(ILjava/lang/Object;)Ljava/util/HashMap$Node; @ 84
Event: 2.145 Thread 0x00000000566a8000 Uncommon trap: reason=unstable_if action=reinterpret pc=0x0000000002745ea0 method=java.util.HashMap.getNode(ILjava/lang/Object;)Ljava/util/HashMap$Node; @ 84
Event: 2.146 Thread 0x00000000566a8000 Uncommon trap: reason=unstable_if action=reinterpret pc=0x000000000266ae24 method=java.util.HashMap.getNode(ILjava/lang/Object;)Ljava/util/HashMap$Node; @ 84

Internal exceptions (5 events):
Event: 0.029 Thread 0x00000000002df800 Exception <a 'java/lang/NoSuchMethodError': Method sun.misc.Unsafe.defineClass(Ljava/lang/String;[BII)Ljava/lang/Class; name or signature does not match> (0x00000000eab07ca8) thrown at [C:\re\workspace\8-2-build-windows-amd64-cygwin\jdk8u121\8372\hotspot\
Event: 0.029 Thread 0x00000000002df800 Exception <a 'java/lang/NoSuchMethodError': Method sun.misc.Unsafe.prefetchRead(Ljava/lang/Object;J)V name or signature does not match> (0x00000000eab07f90) thrown at [C:\re\workspace\8-2-build-windows-amd64-cygwin\jdk8u121\8372\hotspot\src\share\vm\prims
Event: 2.122 Thread 0x00000000566a8000 Exception <a 'java/lang/ArrayIndexOutOfBoundsException': 18> (0x00000000eca285a8) thrown at [C:\re\workspace\8-2-build-windows-amd64-cygwin\jdk8u121\8372\hotspot\src\share\vm\interpreter\interpreterRuntime.cpp, line 366]
Event: 2.123 Thread 0x00000000566a8000 Exception <a 'java/lang/ArrayIndexOutOfBoundsException'> (0x00000000eca2a128) thrown at [C:\re\workspace\8-2-build-windows-amd64-cygwin\jdk8u121\8372\hotspot\src\share\vm\runtime\sharedRuntime.cpp, line 605]
Event: 2.145 Thread 0x00000000566a8000 Exception <a 'java/lang/ArrayIndexOutOfBoundsException'> (0x00000000eca2b410) thrown at [C:\re\workspace\8-2-build-windows-amd64-cygwin\jdk8u121\8372\hotspot\src\share\vm\runtime\sharedRuntime.cpp, line 605]

Events (10 events):
Event: 2.145 Thread 0x00000000566a8000 Uncommon trap: trap_request=0xffffff65 fr.pc=0x00000000026e8040
Event: 2.145 Thread 0x00000000566a8000 DEOPT PACKING pc=0x00000000026e8040 sp=0x000000005724e480
Event: 2.145 Thread 0x00000000566a8000 DEOPT UNPACKING pc=0x000000000249582a sp=0x000000005724e3a0 mode 2
Event: 2.145 Thread 0x00000000566a8000 Uncommon trap: trap_request=0xffffff65 fr.pc=0x0000000002745ea0
Event: 2.145 Thread 0x00000000566a8000 DEOPT PACKING pc=0x0000000002745ea0 sp=0x000000005724e650
Event: 2.145 Thread 0x00000000566a8000 DEOPT UNPACKING pc=0x000000000249582a sp=0x000000005724e378 mode 2
Event: 2.146 Thread 0x00000000566a8000 Uncommon trap: trap_request=0xffffff65 fr.pc=0x000000000266ae24
Event: 2.146 Thread 0x00000000566a8000 DEOPT PACKING pc=0x000000000266ae24 sp=0x000000005724e410
Event: 2.146 Thread 0x00000000566a8000 DEOPT UNPACKING pc=0x000000000249582a sp=0x000000005724e3a0 mode 2
Event: 2.432 Executing VM operation: ParallelGCFailedAllocation


Dynamic libraries:
0x000000013f4e0000 - 0x000000013f517000 	C:\Program Files\Java\jdk1.8.0_121\bin\java.exe
0x0000000077c60000 - 0x0000000077e0a000 	C:\windows\SYSTEM32\ntdll.dll
0x0000000077b40000 - 0x0000000077c5f000 	C:\windows\system32\kernel32.dll
0x000007fefdf10000 - 0x000007fefdf7a000 	C:\windows\system32\KERNELBASE.dll
0x000007feff870000 - 0x000007feff94b000 	C:\windows\system32\ADVAPI32.dll
0x000007feff4a0000 - 0x000007feff53f000 	C:\windows\system32\msvcrt.dll
0x000007fefe3e0000 - 0x000007fefe3ff000 	C:\windows\SYSTEM32\sechost.dll
0x000007feff1c0000 - 0x000007feff2ed000 	C:\windows\system32\RPCRT4.dll
0x0000000077a40000 - 0x0000000077b3a000 	C:\windows\system32\USER32.dll
0x000007fefdf80000 - 0x000007fefdfe7000 	C:\windows\system32\GDI32.dll
0x000007feff1b0000 - 0x000007feff1be000 	C:\windows\system32\LPK.dll
0x000007feff9d0000 - 0x000007feffa9b000 	C:\windows\system32\USP10.dll
0x000007fefc5e0000 - 0x000007fefc7d4000 	C:\windows\WinSxS\amd64_microsoft.windows.common-controls_6595b64144ccf1df_6.0.7601.18837_none_fa3b1e3d17594757\COMCTL32.dll
0x000007feff950000 - 0x000007feff9c1000 	C:\windows\system32\SHLWAPI.dll
0x000007feffd00000 - 0x000007feffd2e000 	C:\windows\system32\IMM32.DLL
0x000007feff390000 - 0x000007feff499000 	C:\windows\system32\MSCTF.dll
0x000000006bbb0000 - 0x000000006bc82000 	C:\Program Files\Java\jdk1.8.0_121\jre\bin\msvcr100.dll
0x0000000065180000 - 0x0000000065a1b000 	C:\Program Files\Java\jdk1.8.0_121\jre\bin\server\jvm.dll
0x000007fef5850000 - 0x000007fef5859000 	C:\windows\system32\WSOCK32.dll
0x000007feff740000 - 0x000007feff78d000 	C:\windows\system32\WS2_32.dll
0x000007feffec0000 - 0x000007feffec8000 	C:\windows\system32\NSI.dll
0x000007fefb900000 - 0x000007fefb93b000 	C:\windows\system32\WINMM.dll
0x000007fefcc70000 - 0x000007fefcc7c000 	C:\windows\system32\VERSION.dll
0x0000000077e30000 - 0x0000000077e37000 	C:\windows\system32\PSAPI.DLL
0x0000000074200000 - 0x000000007420f000 	C:\Program Files\Java\jdk1.8.0_121\jre\bin\verify.dll
0x00000000741d0000 - 0x00000000741f9000 	C:\Program Files\Java\jdk1.8.0_121\jre\bin\java.dll
0x0000000073f50000 - 0x0000000073f66000 	C:\Program Files\Java\jdk1.8.0_121\jre\bin\zip.dll
0x000007fefe400000 - 0x000007feff18b000 	C:\windows\system32\SHELL32.dll
0x000007feff540000 - 0x000007feff73c000 	C:\windows\system32\ole32.dll
0x000007fefdb70000 - 0x000007fefdb7f000 	C:\windows\system32\profapi.dll

VM Arguments:
jvm_args: -Djava.awt.headless=true -Xmx1024M -Dfile.encoding=GBK -Duser.country=CN -Duser.language=zh -Duser.variant 
java_command: com.android.dx.command.Main --dex --num-threads=4 --output D:\CitySelect-master\citypicker\build\intermediates\pre-dexed\debug\AMap_Location_v2.3.0_20160112_cf6db0bba3ed70de622c78ac9e843de2dd547645.jar D:\CitySelect-master\citypicker\libs\AMap_Location_v2.3.0_20160112.jar
java_class_path (initial): C:\Users\admin\AppData\Local\Android\sdk\build-tools\23.0.2\lib\dx.jar
Launcher Type: SUN_STANDARD

Environment Variables:
JAVA_HOME=C:\Program Files\Java\jdk1.7.0_17
CLASSPATH=.;C:\Program Files\Java\jdk1.7.0_17\lib;
PATH=C:\Program Files (x86)\Common Files\NetSarang;C:\Program Files\Java\jdk1.7.0_17\bin;C:\Program Files\Java\jdk1.7.0_17\jre\bin;C:\windows\system32\;C:\Program Files (x86)\Common Files\microsoft shared\TigerKin;D:\Program Files (x86)\MySQL\MySQL Server 5.5\bin;D:\Program Files\adt-bundle-windows-x86-20131030\sdk\platform-tools;C:\windows;C:\windows\system32\wbem;D:\Program Files\MySQL\MySQL Server 5.5\bin;D:\Program Files (x86)\MySQL\MySQL Server 5.1\bin;C:\strawberry\c\bin;C:\strawberry\perl\bin;C:\Program Files (x86)\GtkSharp\2.12\bin;C:\Program Files (x86)\Microsoft SQL Server\80\Tools\Binn\;C:\Program Files\Git\cmd;C:\Program Files\Java\jdk1.7.0_17\bin;C:\Users\admin\AppData\Local\Android\sdk\platform-tools;C:\Users\admin\AppData\Local\Android\sdk\tools;C:\Program Files\TortoiseSVN\bin;
USERNAME=admin
OS=Windows_NT
PROCESSOR_IDENTIFIER=Intel64 Family 6 Model 94 Stepping 3, GenuineIntel



---------------  S Y S T E M  ---------------

OS: Windows 7 , 64 bit Build 7601 (6.1.7601.23807)

CPU:total 4 (4 cores per cpu, 1 threads per core) family 6 model 94 stepping 3, cmov, cx8, fxsr, mmx, sse, sse2, sse3, ssse3, sse4.1, sse4.2, popcnt, avx, avx2, aes, clmul, erms, rtm, 3dnowpref, lzcnt, tsc, tscinvbit, bmi1, bmi2, adx

Memory: 4k page, physical 8340100k(484496k free), swap 10342636k(38004k free)

vm_info: Java HotSpot(TM) 64-Bit Server VM (25.121-b13) for windows-amd64 JRE (1.8.0_121-b13), built on Dec 12 2016 18:21:36 by "java_re" with MS VC++ 10.0 (VS2010)

time: Mon Jul 31 15:16:19 2017
elapsed time: 2 seconds (0d 0h 0m 2s)

